{"C:\\Users\\AradRayane\\Desktop\\web\\git\\todo-vanilla\\script.js": {"path":"C:\\Users\\AradRayane\\Desktop\\web\\git\\todo-vanilla\\script.js","all":false,"statementMap":{"0":{"start":{"line":1,"column":0},"end":{"line":1,"column":3}},"1":{"start":{"line":2,"column":0},"end":{"line":2,"column":38}},"2":{"start":{"line":3,"column":0},"end":{"line":3,"column":49}},"3":{"start":{"line":4,"column":0},"end":{"line":4,"column":2}},"4":{"start":{"line":5,"column":0},"end":{"line":5,"column":80}},"5":{"start":{"line":6,"column":0},"end":{"line":6,"column":2}},"6":{"start":{"line":7,"column":0},"end":{"line":7,"column":36}},"7":{"start":{"line":8,"column":0},"end":{"line":8,"column":2}},"8":{"start":{"line":9,"column":0},"end":{"line":9,"column":92}},"9":{"start":{"line":10,"column":0},"end":{"line":10,"column":49}},"10":{"start":{"line":11,"column":0},"end":{"line":11,"column":3}},"11":{"start":{"line":12,"column":0},"end":{"line":12,"column":0}},"12":{"start":{"line":13,"column":0},"end":{"line":13,"column":39}},"13":{"start":{"line":14,"column":0},"end":{"line":14,"column":50}},"14":{"start":{"line":15,"column":0},"end":{"line":15,"column":27}},"15":{"start":{"line":16,"column":0},"end":{"line":16,"column":0}},"16":{"start":{"line":17,"column":0},"end":{"line":17,"column":0}},"17":{"start":{"line":18,"column":0},"end":{"line":18,"column":39}},"18":{"start":{"line":19,"column":0},"end":{"line":19,"column":0}},"19":{"start":{"line":20,"column":0},"end":{"line":20,"column":47}},"20":{"start":{"line":21,"column":0},"end":{"line":21,"column":28}},"21":{"start":{"line":22,"column":0},"end":{"line":22,"column":15}},"22":{"start":{"line":23,"column":0},"end":{"line":23,"column":1}},"23":{"start":{"line":24,"column":0},"end":{"line":24,"column":0}},"24":{"start":{"line":25,"column":0},"end":{"line":25,"column":53}},"25":{"start":{"line":26,"column":0},"end":{"line":26,"column":43}},"26":{"start":{"line":27,"column":0},"end":{"line":27,"column":19}},"27":{"start":{"line":28,"column":0},"end":{"line":28,"column":1}},"28":{"start":{"line":29,"column":0},"end":{"line":29,"column":0}},"29":{"start":{"line":30,"column":0},"end":{"line":30,"column":42}},"30":{"start":{"line":31,"column":0},"end":{"line":31,"column":42}},"31":{"start":{"line":32,"column":0},"end":{"line":32,"column":25}},"32":{"start":{"line":33,"column":0},"end":{"line":33,"column":1}},"33":{"start":{"line":34,"column":0},"end":{"line":34,"column":0}},"34":{"start":{"line":35,"column":0},"end":{"line":35,"column":0}},"35":{"start":{"line":36,"column":0},"end":{"line":36,"column":22}},"36":{"start":{"line":37,"column":0},"end":{"line":37,"column":0}},"37":{"start":{"line":38,"column":0},"end":{"line":38,"column":29}},"38":{"start":{"line":39,"column":0},"end":{"line":39,"column":7}},"39":{"start":{"line":40,"column":0},"end":{"line":40,"column":50}},"40":{"start":{"line":41,"column":0},"end":{"line":41,"column":95}},"41":{"start":{"line":42,"column":0},"end":{"line":42,"column":17}},"42":{"start":{"line":43,"column":0},"end":{"line":43,"column":47}},"43":{"start":{"line":44,"column":0},"end":{"line":44,"column":15}},"44":{"start":{"line":45,"column":0},"end":{"line":45,"column":3}},"45":{"start":{"line":46,"column":0},"end":{"line":46,"column":1}},"46":{"start":{"line":47,"column":0},"end":{"line":47,"column":0}},"47":{"start":{"line":48,"column":0},"end":{"line":48,"column":29}},"48":{"start":{"line":49,"column":0},"end":{"line":49,"column":59}},"49":{"start":{"line":50,"column":0},"end":{"line":50,"column":1}},"50":{"start":{"line":51,"column":0},"end":{"line":51,"column":0}},"51":{"start":{"line":52,"column":0},"end":{"line":52,"column":0}},"52":{"start":{"line":53,"column":0},"end":{"line":53,"column":33}},"53":{"start":{"line":54,"column":0},"end":{"line":54,"column":0}},"54":{"start":{"line":55,"column":0},"end":{"line":55,"column":34}},"55":{"start":{"line":56,"column":0},"end":{"line":56,"column":32}},"56":{"start":{"line":57,"column":0},"end":{"line":57,"column":78}},"57":{"start":{"line":58,"column":0},"end":{"line":58,"column":14}},"58":{"start":{"line":59,"column":0},"end":{"line":59,"column":16}},"59":{"start":{"line":60,"column":0},"end":{"line":60,"column":1}},"60":{"start":{"line":61,"column":0},"end":{"line":61,"column":0}},"61":{"start":{"line":62,"column":0},"end":{"line":62,"column":34}},"62":{"start":{"line":63,"column":0},"end":{"line":63,"column":32}},"63":{"start":{"line":64,"column":0},"end":{"line":64,"column":41}},"64":{"start":{"line":65,"column":0},"end":{"line":65,"column":14}},"65":{"start":{"line":66,"column":0},"end":{"line":66,"column":16}},"66":{"start":{"line":67,"column":0},"end":{"line":67,"column":1}},"67":{"start":{"line":68,"column":0},"end":{"line":68,"column":0}},"68":{"start":{"line":69,"column":0},"end":{"line":69,"column":0}},"69":{"start":{"line":70,"column":0},"end":{"line":70,"column":60}},"70":{"start":{"line":71,"column":0},"end":{"line":71,"column":27}},"71":{"start":{"line":72,"column":0},"end":{"line":72,"column":69}},"72":{"start":{"line":73,"column":0},"end":{"line":73,"column":57}},"73":{"start":{"line":74,"column":0},"end":{"line":74,"column":89}},"74":{"start":{"line":75,"column":0},"end":{"line":75,"column":68}},"75":{"start":{"line":76,"column":0},"end":{"line":76,"column":2}},"76":{"start":{"line":77,"column":0},"end":{"line":77,"column":63}},"77":{"start":{"line":78,"column":0},"end":{"line":78,"column":0}},"78":{"start":{"line":79,"column":0},"end":{"line":79,"column":40}},"79":{"start":{"line":80,"column":0},"end":{"line":80,"column":50}},"80":{"start":{"line":81,"column":0},"end":{"line":81,"column":74}},"81":{"start":{"line":82,"column":0},"end":{"line":82,"column":20}},"82":{"start":{"line":83,"column":0},"end":{"line":83,"column":0}},"83":{"start":{"line":84,"column":0},"end":{"line":84,"column":19}},"84":{"start":{"line":85,"column":0},"end":{"line":85,"column":30}},"85":{"start":{"line":86,"column":0},"end":{"line":86,"column":9}},"86":{"start":{"line":87,"column":0},"end":{"line":87,"column":21}},"87":{"start":{"line":88,"column":0},"end":{"line":88,"column":22}},"88":{"start":{"line":89,"column":0},"end":{"line":89,"column":4}},"89":{"start":{"line":90,"column":0},"end":{"line":90,"column":25}},"90":{"start":{"line":91,"column":0},"end":{"line":91,"column":14}},"91":{"start":{"line":92,"column":0},"end":{"line":92,"column":16}},"92":{"start":{"line":93,"column":0},"end":{"line":93,"column":25}},"93":{"start":{"line":94,"column":0},"end":{"line":94,"column":22}},"94":{"start":{"line":95,"column":0},"end":{"line":95,"column":1}},"95":{"start":{"line":96,"column":0},"end":{"line":96,"column":0}},"96":{"start":{"line":97,"column":0},"end":{"line":97,"column":0}},"97":{"start":{"line":98,"column":0},"end":{"line":98,"column":37}},"98":{"start":{"line":99,"column":0},"end":{"line":99,"column":63}},"99":{"start":{"line":100,"column":0},"end":{"line":100,"column":66}},"100":{"start":{"line":101,"column":0},"end":{"line":101,"column":2}},"101":{"start":{"line":102,"column":0},"end":{"line":102,"column":49}},"102":{"start":{"line":103,"column":0},"end":{"line":103,"column":0}},"103":{"start":{"line":104,"column":0},"end":{"line":104,"column":29}},"104":{"start":{"line":105,"column":0},"end":{"line":105,"column":63}},"105":{"start":{"line":106,"column":0},"end":{"line":106,"column":80}},"106":{"start":{"line":107,"column":0},"end":{"line":107,"column":0}},"107":{"start":{"line":108,"column":0},"end":{"line":108,"column":47}},"108":{"start":{"line":109,"column":0},"end":{"line":109,"column":41}},"109":{"start":{"line":110,"column":0},"end":{"line":110,"column":96}},"110":{"start":{"line":111,"column":0},"end":{"line":111,"column":1}},"111":{"start":{"line":112,"column":0},"end":{"line":112,"column":0}},"112":{"start":{"line":113,"column":0},"end":{"line":113,"column":31}},"113":{"start":{"line":114,"column":0},"end":{"line":114,"column":57}},"114":{"start":{"line":115,"column":0},"end":{"line":115,"column":27}},"115":{"start":{"line":116,"column":0},"end":{"line":116,"column":0}},"116":{"start":{"line":117,"column":0},"end":{"line":117,"column":22}},"117":{"start":{"line":118,"column":0},"end":{"line":118,"column":28}},"118":{"start":{"line":119,"column":0},"end":{"line":119,"column":0}},"119":{"start":{"line":120,"column":0},"end":{"line":120,"column":37}},"120":{"start":{"line":121,"column":0},"end":{"line":121,"column":45}},"121":{"start":{"line":122,"column":0},"end":{"line":122,"column":56}},"122":{"start":{"line":123,"column":0},"end":{"line":123,"column":23}},"123":{"start":{"line":124,"column":0},"end":{"line":124,"column":5}},"124":{"start":{"line":125,"column":0},"end":{"line":125,"column":0}},"125":{"start":{"line":126,"column":0},"end":{"line":126,"column":26}},"126":{"start":{"line":127,"column":0},"end":{"line":127,"column":44}},"127":{"start":{"line":128,"column":0},"end":{"line":128,"column":25}},"128":{"start":{"line":129,"column":0},"end":{"line":129,"column":37}},"129":{"start":{"line":130,"column":0},"end":{"line":130,"column":4}},"130":{"start":{"line":131,"column":0},"end":{"line":131,"column":6}},"131":{"start":{"line":132,"column":0},"end":{"line":132,"column":55}},"132":{"start":{"line":133,"column":0},"end":{"line":133,"column":43}},"133":{"start":{"line":134,"column":0},"end":{"line":134,"column":41}},"134":{"start":{"line":135,"column":0},"end":{"line":135,"column":32}},"135":{"start":{"line":136,"column":0},"end":{"line":136,"column":0}},"136":{"start":{"line":137,"column":0},"end":{"line":137,"column":48}},"137":{"start":{"line":138,"column":0},"end":{"line":138,"column":28}},"138":{"start":{"line":139,"column":0},"end":{"line":139,"column":30}},"139":{"start":{"line":140,"column":0},"end":{"line":140,"column":0}},"140":{"start":{"line":141,"column":0},"end":{"line":141,"column":22}},"141":{"start":{"line":142,"column":0},"end":{"line":142,"column":36}},"142":{"start":{"line":143,"column":0},"end":{"line":143,"column":5}},"143":{"start":{"line":144,"column":0},"end":{"line":144,"column":0}},"144":{"start":{"line":145,"column":0},"end":{"line":145,"column":57}},"145":{"start":{"line":146,"column":0},"end":{"line":146,"column":40}},"146":{"start":{"line":147,"column":0},"end":{"line":147,"column":23}},"147":{"start":{"line":148,"column":0},"end":{"line":148,"column":7}},"148":{"start":{"line":149,"column":0},"end":{"line":149,"column":0}},"149":{"start":{"line":150,"column":0},"end":{"line":150,"column":55}},"150":{"start":{"line":151,"column":0},"end":{"line":151,"column":52}},"151":{"start":{"line":152,"column":0},"end":{"line":152,"column":36}},"152":{"start":{"line":153,"column":0},"end":{"line":153,"column":35}},"153":{"start":{"line":154,"column":0},"end":{"line":154,"column":45}},"154":{"start":{"line":155,"column":0},"end":{"line":155,"column":26}},"155":{"start":{"line":156,"column":0},"end":{"line":156,"column":23}},"156":{"start":{"line":157,"column":0},"end":{"line":157,"column":7}},"157":{"start":{"line":158,"column":0},"end":{"line":158,"column":0}},"158":{"start":{"line":159,"column":0},"end":{"line":159,"column":25}},"159":{"start":{"line":160,"column":0},"end":{"line":160,"column":27}},"160":{"start":{"line":161,"column":0},"end":{"line":161,"column":31}},"161":{"start":{"line":162,"column":0},"end":{"line":162,"column":5}},"162":{"start":{"line":163,"column":0},"end":{"line":163,"column":1}},"163":{"start":{"line":164,"column":0},"end":{"line":164,"column":0}},"164":{"start":{"line":165,"column":0},"end":{"line":165,"column":59}},"165":{"start":{"line":166,"column":0},"end":{"line":166,"column":0}},"166":{"start":{"line":167,"column":0},"end":{"line":167,"column":35}},"167":{"start":{"line":168,"column":0},"end":{"line":168,"column":55}},"168":{"start":{"line":169,"column":0},"end":{"line":169,"column":62}},"169":{"start":{"line":170,"column":0},"end":{"line":170,"column":2}},"170":{"start":{"line":171,"column":0},"end":{"line":171,"column":27}},"171":{"start":{"line":172,"column":0},"end":{"line":172,"column":36}},"172":{"start":{"line":173,"column":0},"end":{"line":173,"column":0}},"173":{"start":{"line":174,"column":0},"end":{"line":174,"column":22}},"174":{"start":{"line":175,"column":0},"end":{"line":175,"column":0}},"175":{"start":{"line":176,"column":0},"end":{"line":176,"column":50}},"176":{"start":{"line":177,"column":0},"end":{"line":177,"column":44}},"177":{"start":{"line":178,"column":0},"end":{"line":178,"column":30}},"178":{"start":{"line":179,"column":0},"end":{"line":179,"column":0}},"179":{"start":{"line":180,"column":0},"end":{"line":180,"column":25}},"180":{"start":{"line":181,"column":0},"end":{"line":181,"column":16}},"181":{"start":{"line":182,"column":0},"end":{"line":182,"column":1}},"182":{"start":{"line":183,"column":0},"end":{"line":183,"column":0}},"183":{"start":{"line":184,"column":0},"end":{"line":184,"column":38}},"184":{"start":{"line":185,"column":0},"end":{"line":185,"column":26}},"185":{"start":{"line":186,"column":0},"end":{"line":186,"column":65}},"186":{"start":{"line":187,"column":0},"end":{"line":187,"column":14}},"187":{"start":{"line":188,"column":0},"end":{"line":188,"column":1}},"188":{"start":{"line":189,"column":0},"end":{"line":189,"column":0}},"189":{"start":{"line":190,"column":0},"end":{"line":190,"column":17}},"190":{"start":{"line":191,"column":0},"end":{"line":191,"column":29}},"191":{"start":{"line":192,"column":0},"end":{"line":192,"column":57}},"192":{"start":{"line":193,"column":0},"end":{"line":193,"column":57}},"193":{"start":{"line":194,"column":0},"end":{"line":194,"column":55}},"194":{"start":{"line":195,"column":0},"end":{"line":195,"column":2}},"195":{"start":{"line":196,"column":0},"end":{"line":196,"column":31}},"196":{"start":{"line":197,"column":0},"end":{"line":197,"column":14}},"197":{"start":{"line":198,"column":0},"end":{"line":198,"column":16}},"198":{"start":{"line":199,"column":0},"end":{"line":199,"column":0}},"199":{"start":{"line":200,"column":0},"end":{"line":200,"column":29}},"200":{"start":{"line":201,"column":0},"end":{"line":201,"column":32}},"201":{"start":{"line":202,"column":0},"end":{"line":202,"column":54}},"202":{"start":{"line":203,"column":0},"end":{"line":203,"column":52}},"203":{"start":{"line":204,"column":0},"end":{"line":204,"column":45}},"204":{"start":{"line":205,"column":0},"end":{"line":205,"column":7}},"205":{"start":{"line":206,"column":0},"end":{"line":206,"column":3}},"206":{"start":{"line":207,"column":0},"end":{"line":207,"column":0}},"207":{"start":{"line":208,"column":0},"end":{"line":208,"column":29}},"208":{"start":{"line":209,"column":0},"end":{"line":209,"column":18}},"209":{"start":{"line":210,"column":0},"end":{"line":210,"column":59}},"210":{"start":{"line":211,"column":0},"end":{"line":211,"column":3}},"211":{"start":{"line":212,"column":0},"end":{"line":212,"column":1}},"212":{"start":{"line":213,"column":0},"end":{"line":213,"column":0}},"213":{"start":{"line":214,"column":0},"end":{"line":214,"column":32}},"214":{"start":{"line":215,"column":0},"end":{"line":215,"column":36}},"215":{"start":{"line":216,"column":0},"end":{"line":216,"column":9}},"216":{"start":{"line":217,"column":0},"end":{"line":217,"column":1}}},"s":{"0":1,"1":1,"2":1,"3":1,"4":1,"5":1,"6":1,"7":1,"8":1,"9":1,"10":1,"11":1,"12":1,"13":1,"14":1,"15":1,"16":1,"17":1,"18":1,"19":1,"20":1,"21":7,"22":7,"23":1,"24":1,"25":1,"26":7,"27":7,"28":1,"29":1,"30":1,"31":7,"32":7,"33":1,"34":1,"35":1,"36":1,"37":1,"38":1,"39":1,"40":1,"41":1,"42":0,"43":0,"44":0,"45":1,"46":1,"47":1,"48":6,"49":6,"50":1,"51":1,"52":1,"53":1,"54":1,"55":1,"56":2,"57":2,"58":2,"59":2,"60":1,"61":1,"62":1,"63":1,"64":1,"65":1,"66":1,"67":1,"68":1,"69":1,"70":1,"71":3,"72":3,"73":3,"74":3,"75":3,"76":3,"77":3,"78":3,"79":3,"80":3,"81":3,"82":3,"83":3,"84":3,"85":3,"86":3,"87":3,"88":3,"89":3,"90":3,"91":3,"92":3,"93":3,"94":3,"95":1,"96":1,"97":1,"98":8,"99":8,"100":8,"101":8,"102":8,"103":8,"104":8,"105":8,"106":8,"107":8,"108":8,"109":8,"110":8,"111":1,"112":1,"113":9,"114":9,"115":8,"116":8,"117":8,"118":8,"119":8,"120":9,"121":9,"122":2,"123":8,"124":8,"125":8,"126":7,"127":7,"128":7,"129":7,"130":7,"131":7,"132":7,"133":7,"134":7,"135":7,"136":7,"137":7,"138":7,"139":7,"140":7,"141":2,"142":2,"143":7,"144":7,"145":7,"146":0,"147":7,"148":7,"149":7,"150":7,"151":7,"152":7,"153":7,"154":0,"155":0,"156":7,"157":7,"158":7,"159":7,"160":7,"161":8,"162":8,"163":1,"164":1,"165":1,"166":0,"167":0,"168":0,"169":0,"170":0,"171":0,"172":0,"173":0,"174":0,"175":0,"176":0,"177":0,"178":0,"179":0,"180":0,"181":0,"182":1,"183":1,"184":0,"185":0,"186":0,"187":0,"188":1,"189":1,"190":1,"191":1,"192":1,"193":1,"194":1,"195":1,"196":1,"197":1,"198":1,"199":1,"200":1,"201":0,"202":0,"203":0,"204":0,"205":0,"206":1,"207":1,"208":1,"209":0,"210":0,"211":1,"212":1,"213":1,"214":1,"215":1,"216":1},"branchMap":{"0":{"type":"branch","line":21,"loc":{"start":{"line":21,"column":7},"end":{"line":23,"column":1}},"locations":[{"start":{"line":21,"column":7},"end":{"line":23,"column":1}}]},"1":{"type":"branch","line":26,"loc":{"start":{"line":26,"column":7},"end":{"line":28,"column":1}},"locations":[{"start":{"line":26,"column":7},"end":{"line":28,"column":1}}]},"2":{"type":"branch","line":31,"loc":{"start":{"line":31,"column":7},"end":{"line":33,"column":1}},"locations":[{"start":{"line":31,"column":7},"end":{"line":33,"column":1}}]},"3":{"type":"branch","line":38,"loc":{"start":{"line":38,"column":7},"end":{"line":46,"column":1}},"locations":[{"start":{"line":38,"column":7},"end":{"line":46,"column":1}}]},"4":{"type":"branch","line":41,"loc":{"start":{"line":41,"column":16},"end":{"line":41,"column":89}},"locations":[{"start":{"line":41,"column":16},"end":{"line":41,"column":89}}]},"5":{"type":"branch","line":42,"loc":{"start":{"line":42,"column":4},"end":{"line":45,"column":3}},"locations":[{"start":{"line":42,"column":4},"end":{"line":45,"column":3}}]},"6":{"type":"branch","line":48,"loc":{"start":{"line":48,"column":7},"end":{"line":50,"column":1}},"locations":[{"start":{"line":48,"column":7},"end":{"line":50,"column":1}}]},"7":{"type":"branch","line":56,"loc":{"start":{"line":56,"column":7},"end":{"line":60,"column":1}},"locations":[{"start":{"line":56,"column":7},"end":{"line":60,"column":1}}]},"8":{"type":"branch","line":57,"loc":{"start":{"line":57,"column":20},"end":{"line":57,"column":76}},"locations":[{"start":{"line":57,"column":20},"end":{"line":57,"column":76}}]},"9":{"type":"branch","line":57,"loc":{"start":{"line":57,"column":73},"end":{"line":57,"column":76}},"locations":[{"start":{"line":57,"column":73},"end":{"line":57,"column":76}}]},"10":{"type":"branch","line":63,"loc":{"start":{"line":63,"column":7},"end":{"line":67,"column":1}},"locations":[{"start":{"line":63,"column":7},"end":{"line":67,"column":1}}]},"11":{"type":"branch","line":64,"loc":{"start":{"line":64,"column":23},"end":{"line":64,"column":39}},"locations":[{"start":{"line":64,"column":23},"end":{"line":64,"column":39}}]},"12":{"type":"branch","line":71,"loc":{"start":{"line":71,"column":7},"end":{"line":95,"column":1}},"locations":[{"start":{"line":71,"column":7},"end":{"line":95,"column":1}}]},"13":{"type":"branch","line":77,"loc":{"start":{"line":77,"column":20},"end":{"line":77,"column":27}},"locations":[{"start":{"line":77,"column":20},"end":{"line":77,"column":27}}]},"14":{"type":"branch","line":81,"loc":{"start":{"line":81,"column":61},"end":{"line":81,"column":72}},"locations":[{"start":{"line":81,"column":61},"end":{"line":81,"column":72}}]},"15":{"type":"branch","line":82,"loc":{"start":{"line":82,"column":13},"end":{"line":82,"column":20}},"locations":[{"start":{"line":82,"column":13},"end":{"line":82,"column":20}}]},"16":{"type":"branch","line":98,"loc":{"start":{"line":98,"column":7},"end":{"line":111,"column":1}},"locations":[{"start":{"line":98,"column":7},"end":{"line":111,"column":1}}]},"17":{"type":"branch","line":102,"loc":{"start":{"line":102,"column":41},"end":{"line":102,"column":48}},"locations":[{"start":{"line":102,"column":41},"end":{"line":102,"column":48}}]},"18":{"type":"branch","line":106,"loc":{"start":{"line":106,"column":31},"end":{"line":106,"column":75}},"locations":[{"start":{"line":106,"column":31},"end":{"line":106,"column":75}}]},"19":{"type":"branch","line":106,"loc":{"start":{"line":106,"column":76},"end":{"line":106,"column":79}},"locations":[{"start":{"line":106,"column":76},"end":{"line":106,"column":79}}]},"20":{"type":"branch","line":105,"loc":{"start":{"line":105,"column":38},"end":{"line":105,"column":54}},"locations":[{"start":{"line":105,"column":38},"end":{"line":105,"column":54}}]},"21":{"type":"branch","line":113,"loc":{"start":{"line":113,"column":7},"end":{"line":163,"column":1}},"locations":[{"start":{"line":113,"column":7},"end":{"line":163,"column":1}}]},"22":{"type":"branch","line":115,"loc":{"start":{"line":115,"column":19},"end":{"line":115,"column":26}},"locations":[{"start":{"line":115,"column":19},"end":{"line":115,"column":26}}]},"23":{"type":"branch","line":115,"loc":{"start":{"line":115,"column":26},"end":{"line":163,"column":1}},"locations":[{"start":{"line":115,"column":26},"end":{"line":163,"column":1}}]},"24":{"type":"branch","line":120,"loc":{"start":{"line":120,"column":31},"end":{"line":124,"column":3}},"locations":[{"start":{"line":120,"column":31},"end":{"line":124,"column":3}}]},"25":{"type":"branch","line":121,"loc":{"start":{"line":121,"column":33},"end":{"line":121,"column":45}},"locations":[{"start":{"line":121,"column":33},"end":{"line":121,"column":45}}]},"26":{"type":"branch","line":122,"loc":{"start":{"line":122,"column":-2},"end":{"line":122,"column":36}},"locations":[{"start":{"line":122,"column":-2},"end":{"line":122,"column":36}}]},"27":{"type":"branch","line":122,"loc":{"start":{"line":122,"column":36},"end":{"line":124,"column":2}},"locations":[{"start":{"line":122,"column":36},"end":{"line":124,"column":2}}]},"28":{"type":"branch","line":126,"loc":{"start":{"line":126,"column":18},"end":{"line":162,"column":3}},"locations":[{"start":{"line":126,"column":18},"end":{"line":162,"column":3}}]},"29":{"type":"branch","line":141,"loc":{"start":{"line":141,"column":21},"end":{"line":143,"column":5}},"locations":[{"start":{"line":141,"column":21},"end":{"line":143,"column":5}}]},"30":{"type":"branch","line":190,"loc":{"start":{"line":190,"column":0},"end":{"line":212,"column":1}},"locations":[{"start":{"line":190,"column":0},"end":{"line":212,"column":1}}]},"31":{"type":"branch","line":201,"loc":{"start":{"line":201,"column":15},"end":{"line":201,"column":29}},"locations":[{"start":{"line":201,"column":15},"end":{"line":201,"column":29}}]},"32":{"type":"branch","line":201,"loc":{"start":{"line":201,"column":31},"end":{"line":206,"column":3}},"locations":[{"start":{"line":201,"column":31},"end":{"line":206,"column":3}}]},"33":{"type":"branch","line":209,"loc":{"start":{"line":209,"column":17},"end":{"line":211,"column":3}},"locations":[{"start":{"line":209,"column":17},"end":{"line":211,"column":3}}]}},"b":{"0":[7],"1":[7],"2":[7],"3":[1],"4":[0],"5":[0],"6":[6],"7":[2],"8":[2],"9":[0],"10":[1],"11":[1],"12":[3],"13":[0],"14":[0],"15":[0],"16":[8],"17":[0],"18":[7],"19":[1],"20":[9],"21":[9],"22":[1],"23":[8],"24":[9],"25":[5],"26":[4],"27":[2],"28":[7],"29":[2],"30":[1],"31":[0],"32":[0],"33":[0]},"fnMap":{"0":{"name":"getTodos","decl":{"start":{"line":21,"column":7},"end":{"line":23,"column":1}},"loc":{"start":{"line":21,"column":7},"end":{"line":23,"column":1}},"line":21},"1":{"name":"resetTodos","decl":{"start":{"line":26,"column":7},"end":{"line":28,"column":1}},"loc":{"start":{"line":26,"column":7},"end":{"line":28,"column":1}},"line":26},"2":{"name":"setCurrentFilter","decl":{"start":{"line":31,"column":7},"end":{"line":33,"column":1}},"loc":{"start":{"line":31,"column":7},"end":{"line":33,"column":1}},"line":31},"3":{"name":"loadTodos","decl":{"start":{"line":38,"column":7},"end":{"line":46,"column":1}},"loc":{"start":{"line":38,"column":7},"end":{"line":46,"column":1}},"line":38},"4":{"name":"saveTodos","decl":{"start":{"line":48,"column":7},"end":{"line":50,"column":1}},"loc":{"start":{"line":48,"column":7},"end":{"line":50,"column":1}},"line":48},"5":{"name":"toggleTodo","decl":{"start":{"line":56,"column":7},"end":{"line":60,"column":1}},"loc":{"start":{"line":56,"column":7},"end":{"line":60,"column":1}},"line":56},"6":{"name":"removeTodo","decl":{"start":{"line":63,"column":7},"end":{"line":67,"column":1}},"loc":{"start":{"line":63,"column":7},"end":{"line":67,"column":1}},"line":63},"7":{"name":"addTodo","decl":{"start":{"line":71,"column":7},"end":{"line":95,"column":1}},"loc":{"start":{"line":71,"column":7},"end":{"line":95,"column":1}},"line":71},"8":{"name":"updateProgressBar","decl":{"start":{"line":98,"column":7},"end":{"line":111,"column":1}},"loc":{"start":{"line":98,"column":7},"end":{"line":111,"column":1}},"line":98},"9":{"name":"renderTodos","decl":{"start":{"line":113,"column":7},"end":{"line":163,"column":1}},"loc":{"start":{"line":113,"column":7},"end":{"line":163,"column":1}},"line":113},"10":{"name":"handleFilterClick","decl":{"start":{"line":167,"column":0},"end":{"line":182,"column":1}},"loc":{"start":{"line":167,"column":0},"end":{"line":182,"column":1}},"line":167},"11":{"name":"handleAddTodo","decl":{"start":{"line":185,"column":0},"end":{"line":188,"column":1}},"loc":{"start":{"line":185,"column":0},"end":{"line":188,"column":1}},"line":185},"12":{"name":"init","decl":{"start":{"line":190,"column":0},"end":{"line":212,"column":1}},"loc":{"start":{"line":190,"column":0},"end":{"line":212,"column":1}},"line":190}},"f":{"0":7,"1":7,"2":7,"3":1,"4":6,"5":2,"6":1,"7":3,"8":8,"9":9,"10":0,"11":0,"12":1}}
}
